执行时间9: 0.471 ms
Nation	Year	Sum_Profit
ARGENTINA	1998	62968.8
ARGENTINA	1997	54196.6
ARGENTINA	1996	22007.7
ARGENTINA	1995	30298
ARGENTINA	1994	75524.8
ARGENTINA	1993	15032.4
ARGENTINA	1992	57682.4
ETHIOPIA	1998	76498.4
ETHIOPIA	1997	29386.6
ETHIOPIA	1996	6104.37
ETHIOPIA	1995	75160.2
ETHIOPIA	1994	77718.1
ETHIOPIA	1993	27570.1
ETHIOPIA	1992	19998
IRAN	1998	118363
IRAN	1997	171746
IRAN	1996	142867
IRAN	1995	237294
IRAN	1994	156970
IRAN	1993	111857
IRAN	1992	63949
IRAQ	1998	222039
IRAQ	1997	234033
IRAQ	1996	215485
IRAQ	1995	98761.6
IRAQ	1994	208822
IRAQ	1993	230325
IRAQ	1992	62385.8
KENYA	1998	16595.8
KENYA	1997	10028.1
KENYA	1996	14058.3
KENYA	1994	23360.2
KENYA	1993	2904
KENYA	1992	57938.8
MOROCCO	1997	28992.9
MOROCCO	1996	83556.9
MOROCCO	1995	84984.2
MOROCCO	1994	43871.2
MOROCCO	1993	193154
MOROCCO	1992	50410.6
PERU	1998	27354
PERU	1997	6596.65
PERU	1996	19788.9
PERU	1995	13685.2
PERU	1994	45498.4
PERU	1993	14621.8
PERU	1992	44375.4
UNITED KINGDOM	1998	5455.44
UNITED KINGDOM	1997	25974.7
UNITED KINGDOM	1996	64675.8
UNITED KINGDOM	1995	37556.4
UNITED KINGDOM	1994	22112.4
UNITED KINGDOM	1993	33091.5
UNITED KINGDOM	1992	26005.8
UNITED STATES	1998	23380.5
UNITED STATES	1996	20499.4
UNITED STATES	1995	27734.1
UNITED STATES	1994	17716
UNITED STATES	1993	11553.9
UNITED STATES	1992	64136.3
typeName:	std::vector<std::tuple<char, char, q1()::AggregateResults>, std::allocator<std::tuple<char, char, q1()::AggregateResults> > >
exe time: 1.263 ms
A F 37474 3.75696e+07 3.56762e+07 3.71014e+07 25.3545 25419.2 0 1478
N F 1041 1.0413e+06 999061 1.03645e+06 27.3947 27402.7 0 38
N O 75168 7.5385e+07 7.16532e+07 7.44988e+07 25.5587 25632.4 0 2941
R F 36511 3.65708e+07 3.47385e+07 3.61691e+07 25.059 25100.1 0 1457
150, Customer#000000150, 212523, 3849.48, CHINA, zeoGShTjCwGPplOWFkLURrh41O0AZ8dwNEEN4 , 28-328-564-7630, ole blithely among the furiously pending packages. furiously bold ideas wake fluffily ironic idea
45, Customer#000000045, 199429, 9983.38, INDONESIA, 4v3OcpFgoOmMG,CbnF,4mdC, 19-715-298-9917, nto beans haggle slyly alongside of t
9, Customer#000000009, 117299, 8324.07, INDIA, xKiAFTjUsCuxfeleNqefumTrjS, 18-338-906-3675, r theodolites according to the requests wake thinly excuses: pending requests haggle furiousl
29, Customer#000000029, 115744, 7618.27, ALGERIA, sJ5adtfyAkCK63df2,vF25zyQMVYE34uh, 10-773-203-7342, its after the carefully final platelets x-ray against 
8, Customer#000000008, 108379, 6819.74, PERU, I0B10bB0AymmC, 0PrRYBCP1yGJ8xcBPmWhl5, 27-147-574-9335, among the slyly regular theodolites kindle blithely courts. carefully even theodolites haggle slyly along the ide
131, Customer#000000131, 103714, 8595.53, IRAQ, jyN6lAjb1FtH10rMC,XzlWyCBrg75, 21-840-210-3572, jole special packages. furiously final dependencies about the furiously speci
26, Customer#000000026, 93133.7, 5182.05, RUSSIA, 8ljrc5ZeMl7UciP, 32-363-455-4837, c requests use furiously ironic requests. slyly ironic dependencies us
5, Customer#000000005, 90049.3, 794.47, CANADA, KvpyuHCplrB84WgAiGV6sYpZq7Tj, 13-750-942-6364, n accounts will have to unwind. foxes cajole accor
81, Customer#000000081, 84871.2, 2023.71, SAUDI ARABIA, SH6lPA7JiiNC6dNTrR, 30-165-277-3269, r packages. fluffily ironic requests cajole fluffily. ironically regular theodolit
20, Customer#000000020, 83130.6, 7603.4, RUSSIA, JrPk8Pqplj4Ne, 32-957-234-8742, g alongside of the special excuses-- fluffily enticing packages wake 
95, Customer#000000095, 82925.2, 5327.38, MOROCCO, EU0xvmWvOmUUn5J,2z85DQyG7QCJ9Xq7, 25-923-255-2929, ithely. ruthlessly final requests wake slyly alongside of the furiously silent pinto beans. even the
149, Customer#000000149, 80236.4, 8959.65, ROMANIA, 3byTHCp2mNLPigUrrq, 29-797-439-6760, al instructions haggle against the slyly bold w
42, Customer#000000042, 76818.2, 8727.01, ETHIOPIA, ziSrvyyBke, 15-416-330-4175, ssly according to the pinto beans: carefully special requests across the even, pending accounts wake special
11, Customer#000000011, 74804.9, -272.6, UNITED KINGDOM, PkWS 3HlXqwTuzrKg633BEi, 33-464-151-3439, ckages. requests sleep slyly. quickly even pinto beans promise above the slyly regular pinto beans. 
90, Customer#000000090, 73002.9, 7354.23, MOZAMBIQUE, QxCzH7VxxYUWwfL7, 26-603-491-1238, sly across the furiously even 
119, Customer#000000119, 68136.3, 3930.35, GERMANY, M1ETOIecuvH8DtM0Y0nryXfW, 17-697-919-8406, express ideas. blithely ironic foxes thrash. special acco
83, Customer#000000083, 63385.2, 6463.51, RUSSIA, HnhTNB5xpnSF20JBH4Ycs6psVnkC3RDf, 32-817-154-4122, ccording to the quickly bold warhorses. final, regular foxes integrate carefully. bold packages nag blithely ev
41, Customer#000000041, 59971.7, 270.95, IRAN, IM9mzmyoxeBmvNw8lA7G3Ydska2nkZF, 20-917-711-4011, ly regular accounts hang bold, silent packages. unusual foxes haggle slyly above the special, final depo
140, Customer#000000140, 57039.1, 9963.15, EGYPT, XRqEPiKgcETII,iOLDZp5jA, 14-273-885-6505, ies detect slyly ironic accounts. slyly ironic theodolites hag
77, Customer#000000077, 55486.1, 1738.87, PERU, 4tAE5KdMFGD4byHtXF92vx, 27-269-357-4674, uffily silent requests. carefully ironic asymptotes among the ironic hockey players are carefully bli
执行时间11: 0.022 ms
PartKey	Value
执行时间12: 0.401 ms
Ship Mode	High Line Count	Low Line Count
REG AIR	7	7
SHIP	8	8
执行时间13: 0.077 ms
Count of Orders	Number of Customers
0	50
20	7
17	7
12	7
16	6
21	5
15	5
14	5
13	5
10	5
9	5
26	4
23	4
19	4
11	4
8	4
7	4
6	4
24	3
4	3
18	2
5	2
30	1
29	1
28	1
22	1
3	1
执行时间16: 0.071 ms
Brand	Type	Size	Supplier Count
Brand#11	PROMO ANODIZED TIN	45	4
Brand#11	SMALL PLATED COPPER	45	4
Brand#11	STANDARD POLISHED TIN	45	4
Brand#12	LARGE POLISHED NICKEL	48	4
Brand#12	SMALL BURNISHED TIN	31	4
Brand#13	SMALL POLISHED STEEL	28	4
Brand#14	SMALL ANODIZED NICKEL	45	4
Brand#15	LARGE ANODIZED BRASS	45	4
Brand#21	SMALL BRUSHED NICKEL	28	4
Brand#21	SMALL BRUSHED TIN	31	4
Brand#21	STANDARD BRUSHED TIN	32	4
Brand#24	SMALL BURNISHED TIN	31	4
Brand#25	MEDIUM PLATED BRASS	45	4
Brand#25	PROMO ANODIZED TIN	31	4
Brand#31	MEDIUM PLATED BRASS	28	4
Brand#32	SMALL BRUSHED STEEL	32	4
Brand#34	LARGE PLATED BRASS	45	4
Brand#35	LARGE BRUSHED TIN	21	4
Brand#35	SMALL BURNISHED NICKEL	39	4
Brand#35	STANDARD BRUSHED BRASS	39	4
Brand#35	STANDARD POLISHED BRASS	32	4
Brand#42	STANDARD POLISHED BRASS	21	4
Brand#44	PROMO PLATED BRASS	28	4
Brand#45	MEDIUM PLATED TIN	48	4
Brand#52	MEDIUM BURNISHED TIN	45	4
Brand#52	SMALL ANODIZED COPPER	18	4
Brand#53	MEDIUM POLISHED STEEL	48	4
Brand#53	PROMO PLATED NICKEL	28	4
Brand#53	STANDARD BRUSHED STEEL	32	4
Brand#54	LARGE BRUSHED COPPER	28	4
Brand#54	SMALL BURNISHED NICKEL	18	4
Brand#42	ECONOMY PLATED BRASS	31	2
Brand#45	LARGE POLISHED TIN	48	2
Brand#53	STANDARD PLATED STEEL	45	2
Brand#45	PROMO ANODIZED BRASS	45	1
Brand#53	ECONOMY BRUSHED TIN	21	1
执行时间17: 0.878 ms
Average Yearly: 0
执行时间18: 0.325 ms
执行时间19: 0.784 ms
Total Revenue: 33058.1
---------打印结果-------
执行时间20: 0.109 ms
执行时间21: 0.105 ms
Supplier Name	NumWait
exe time: 1.107 ms
typeName:	std::vector<std::tuple<int, double, std::__cxx11::basic_string<char, std::char_traits<char>, std::allocator<char> >, std::__cxx11::basic_string<char, std::char_traits<char>, std::allocator<char> > >, std::allocator<std::tuple<int, double, std::__cxx11::basic_string<char, std::char_traits<char>, std::allocator<char> >, std::__cxx11::basic_string<char, std::char_traits<char>, std::allocator<char> > > > >
---------print results-------

8	50770.4	1995-02-27	1995-06-17
18	49959	1995-03-04	1995-06-25
17	48744.4	1995-02-24	1995-05-19
9	43948.8	1995-02-07	1995-04-01
18	42046.3	1995-02-22	1995-04-16
17	41404.1	1995-01-12	1995-04-11
18	41351.4	1995-02-26	1995-04-19
17	38764.6	1995-02-23	1995-04-20
23	36846.7	1995-02-24	1995-03-24
18	36146.5	1995-02-22	1995-06-19
18	34836.5	1995-02-26	1995-05-23
17	34023.7	1995-01-12	1995-04-29
17	33528.4	1995-01-12	1995-05-06
17	32880	1995-02-23	1995-04-21
9	29755.4	1995-02-07	1995-03-23
9	29502.4	1995-02-07	1995-03-15
16	29371.9	1994-12-17	1995-03-31
18	28226.9	1995-03-04	1995-04-08
23	24910.7	1995-02-24	1995-04-20
17	19903.8	1995-02-24	1995-05-05
9	18220	1995-02-07	1995-04-25
18	14874.1	1995-02-22	1995-03-17
18	14653.3	1995-02-22	1995-06-23
18	14281.7	1995-02-26	1995-04-03
17	12211.3	1995-01-12	1995-03-19
18	11147	1995-02-22	1995-03-18
17	9653.19	1995-02-24	1995-03-30
18	9347.84	1995-02-26	1995-03-20
18	8978.78	1994-12-29	1995-04-19
18	7073.55	1995-02-22	1995-05-01
17	6792.46	1995-02-24	1995-06-11
8	6407.45	1995-02-27	1995-05-14
18	5500.13	1995-02-26	1995-03-21
17	2156.39	1995-02-24	1995-04-24
18	1873.55	1995-03-04	1995-04-09
执行时间3: 0.235 ms
Order Priority	Count
1-URGENT	11
2-HIGH	6
3-MEDIUM	11
4-NOT SPECIFIED	7
5-LOW	11
执行时间5: 1.141 ms
执行时间6: 0.112 ms
Total Revenue: 18727
执行时间7: 8.065 ms
Supp_Nation	Cust_Nation	Year	Revenue
ARGENTINA	IRAQ	1995	158592
ARGENTINA	IRAQ	1996	91647.2
IRAQ	ARGENTINA	1995	60911.9
IRAQ	ARGENTINA	1996	32103.9
Year	Market Share
1992	0.258411
1993	0.210007
1994	0.321381
1995	0.227498
1996	0.397083
1997	0.241317
1998	0.090365
执行时间9: 0.424 ms
Nation	Year	Sum_Profit
ARGENTINA	1998	62968.8
ARGENTINA	1997	54196.6
ARGENTINA	1996	22007.7
ARGENTINA	1995	30298
ARGENTINA	1994	75524.8
ARGENTINA	1993	15032.4
ARGENTINA	1992	57682.4
ETHIOPIA	1998	76498.4
ETHIOPIA	1997	29386.6
ETHIOPIA	1996	6104.37
ETHIOPIA	1995	75160.2
ETHIOPIA	1994	77718.1
ETHIOPIA	1993	27570.1
ETHIOPIA	1992	19998
IRAN	1998	118363
IRAN	1997	171746
IRAN	1996	142867
IRAN	1995	237294
IRAN	1994	156970
IRAN	1993	111857
IRAN	1992	63949
IRAQ	1998	222039
IRAQ	1997	234033
IRAQ	1996	215485
IRAQ	1995	98761.6
IRAQ	1994	208822
IRAQ	1993	230325
IRAQ	1992	62385.8
KENYA	1998	16595.8
KENYA	1997	10028.1
KENYA	1996	14058.3
KENYA	1994	23360.2
KENYA	1993	2904
KENYA	1992	57938.8
MOROCCO	1997	28992.9
MOROCCO	1996	83556.9
MOROCCO	1995	84984.2
MOROCCO	1994	43871.2
MOROCCO	1993	193154
MOROCCO	1992	50410.6
PERU	1998	27354
PERU	1997	6596.65
PERU	1996	19788.9
PERU	1995	13685.2
PERU	1994	45498.4
PERU	1993	14621.8
PERU	1992	44375.4
UNITED KINGDOM	1998	5455.44
UNITED KINGDOM	1997	25974.7
UNITED KINGDOM	1996	64675.8
UNITED KINGDOM	1995	37556.4
UNITED KINGDOM	1994	22112.4
UNITED KINGDOM	1993	33091.5
UNITED KINGDOM	1992	26005.8
UNITED STATES	1998	23380.5
UNITED STATES	1996	20499.4
UNITED STATES	1995	27734.1
UNITED STATES	1994	17716
UNITED STATES	1993	11553.9
UNITED STATES	1992	64136.3
